C:\Projects\COnsole\DLLApplication\Debug\cl.command.1.tlog
C:\Projects\COnsole\DLLApplication\Debug\CL.read.1.tlog
C:\Projects\COnsole\DLLApplication\Debug\CL.write.1.tlog
C:\Projects\COnsole\DLLApplication\Debug\DLLApplication.exe.embed.manifest
C:\PROJECTS\CONSOLE\DLLAPPLICATION\DEBUG\DLLAPPLICATION.EXE.EMBED.MANIFEST.RES
C:\Projects\COnsole\DLLApplication\Debug\DLLApplication.write.1.tlog
C:\Projects\COnsole\DLLApplication\Debug\DLLApplication_manifest.rc
C:\Projects\COnsole\DLLApplication\Debug\link.command.1.tlog
C:\Projects\COnsole\DLLApplication\Debug\link.read.1.tlog
C:\Projects\COnsole\DLLApplication\Debug\link.write.1.tlog
C:\Projects\COnsole\DLLApplication\Debug\rc.command.1.tlog
C:\Projects\COnsole\DLLApplication\Debug\rc.read.1.tlog
C:\Projects\COnsole\DLLApplication\Debug\rc.write.1.tlog
C:\Projects\COnsole\DLLApplication\Debug\ResolveAssemblyReference.cache
C:\Projects\COnsole\DLLApplication\Debug\RestApi.dll.metagen
C:\Projects\COnsole\DLLApplication\Debug\RestApi.exp
C:\Projects\COnsole\DLLApplication\Debug\RestApi.ilk
C:\Projects\COnsole\DLLApplication\Debug\RestApi.pdb
C:\Projects\COnsole\DLLApplication\Debug\vc100.idb
C:\PROJECTS\CONSOLE\DLLAPPLICATION\DEBUG\VC100.PDB
