Build started 3/30/2012 12:22:20 AM.
     1>Project "C:\Projects\COnsole\DLLApplication\DLLApplication.vcxproj" on node 3 (build target(s)).
     1>InitializeBuildStatus:
         Creating "Debug\DLLApplication.unsuccessfulbuild" because "AlwaysCreate" was specified.
       ClCompile:
         All outputs are up-to-date.
       ResourceCompile:
         All outputs are up-to-date.
       ManifestResourceCompile:
         All outputs are up-to-date.
       Link:
         c:\Program Files (x86)\Microsoft Visual Studio 10.0\VC\bin\link.exe /ERRORREPORT:PROMPT /OUT:"C:\Projects\COnsole\DLLApplication\Debug\DLLApplication.exe" /INCREMENTAL /NOLOGO /LIBPATH:C:\Projects\libs\cURL\Debug\lib ./Debug/RestApi.lib libcurl_debug.lib kernel32.lib user32.lib gdi32.lib winspool.lib comdlg32.lib advapi32.lib shell32.lib ole32.lib oleaut32.lib uuid.lib odbc32.lib odbccp32.lib /MANIFEST /ManifestFile:"Debug\DLLApplication.exe.intermediate.manifest" /MANIFESTUAC:"level='asInvoker' uiAccess='false'" /DEBUG /PDB:"C:\Projects\COnsole\DLLApplication\Debug\DLLApplication.pdb" /SUBSYSTEM:CONSOLE /TLBID:1 /DYNAMICBASE /NXCOMPAT /IMPLIB:"C:\Projects\COnsole\DLLApplication\Debug\DLLApplication.lib" /MACHINE:X86 Debug\DLLApplication.res
         Debug\DLLApplication.exe.embed.manifest.res
         Debug\main.obj
         Debug\tinyxml2.obj
         C:\Projects\COnsole\DLLApplication\Debug\RestApi.lib
       Manifest:
         C:\Program Files (x86)\Microsoft SDKs\Windows\v7.0A\bin\mt.exe /nologo /verbose /out:"Debug\DLLApplication.exe.embed.manifest" /manifest Debug\DLLApplication.exe.intermediate.manifest
         All outputs are up-to-date.
       LinkEmbedManifest:
         All outputs are up-to-date.
         DLLApplication.vcxproj -> C:\Projects\COnsole\DLLApplication\Debug\DLLApplication.exe
       FinalizeBuildStatus:
         Deleting file "Debug\DLLApplication.unsuccessfulbuild".
         Touching "Debug\DLLApplication.lastbuildstate".
     1>Done Building Project "C:\Projects\COnsole\DLLApplication\DLLApplication.vcxproj" (build target(s)).

Build succeeded.

Time Elapsed 00:00:02.38
