Build started 3/30/2012 12:25:42 AM.
     1>Project "C:\Projects\COnsole\DLLApplication\RestApi\RestApi.vcxproj" on node 2 (build target(s)).
     1>InitializeBuildStatus:
         Creating "Debug\RestApi.unsuccessfulbuild" because "AlwaysCreate" was specified.
       ClCompile:
         All outputs are up-to-date.
         c:\Program Files (x86)\Microsoft Visual Studio 10.0\VC\bin\CL.exe /c /IC:\Projects\libs\cURL\Debug\include /ZI /nologo /W3 /WX- /Od /Oy- /D WIN32 /D _DEBUG /D CURL_STATICLIB /D _WINDLL /D _UNICODE /D UNICODE /Gm /EHsc /RTC1 /MDd /GS /fp:precise /Zc:wchar_t /Zc:forScope /Fo"Debug\\" /Fd"Debug\vc100.pdb" /Gd /TP /analyze- /errorReport:prompt ATwit.cpp
         ATwit.cpp
       ResourceCompile:
         All outputs are up-to-date.
       ManifestResourceCompile:
         All outputs are up-to-date.
       Link:
         c:\Program Files (x86)\Microsoft Visual Studio 10.0\VC\bin\link.exe /ERRORREPORT:PROMPT /OUT:"C:\Projects\COnsole\DLLApplication\Debug\RestApi.dll" /INCREMENTAL /NOLOGO /LIBPATH:C:\Projects\libs\cURL\Debug\lib libcurl_debug.lib kernel32.lib user32.lib gdi32.lib winspool.lib comdlg32.lib advapi32.lib shell32.lib ole32.lib oleaut32.lib uuid.lib odbc32.lib odbccp32.lib /MANIFEST /ManifestFile:"Debug\RestApi.dll.intermediate.manifest" /MANIFESTUAC:"level='asInvoker' uiAccess='false'" /DEBUG /PDB:"C:\Projects\COnsole\DLLApplication\Debug\RestApi.pdb" /TLBID:1 /DYNAMICBASE /NXCOMPAT /IMPLIB:"C:\Projects\COnsole\DLLApplication\Debug\RestApi.lib" /MACHINE:X86 /DLL Debug\app.res
         Debug\RestApi.dll.embed.manifest.res
         Debug\ATwit.obj
         Debug\RestApi.obj
         Debug\Stdafx.obj
         Debug\tinyxml2.obj
       Manifest:
         C:\Program Files (x86)\Microsoft SDKs\Windows\v7.0A\bin\mt.exe /nologo /verbose /out:"Debug\RestApi.dll.embed.manifest" /manifest Debug\RestApi.dll.intermediate.manifest
         All outputs are up-to-date.
       LinkEmbedManifest:
         All outputs are up-to-date.
         RestApi.vcxproj -> C:\Projects\COnsole\DLLApplication\Debug\RestApi.dll
       FinalizeBuildStatus:
         Deleting file "Debug\RestApi.unsuccessfulbuild".
         Touching "Debug\RestApi.lastbuildstate".
     1>Done Building Project "C:\Projects\COnsole\DLLApplication\RestApi\RestApi.vcxproj" (build target(s)).

Build succeeded.

Time Elapsed 00:00:02.27
