C:\PROJECTS\CONSOLE\DLLAPPLICATION\DEBUG\RESTAPI.DLL
C:\Projects\COnsole\DLLApplication\Debug\RestApi.exp
C:\PROJECTS\CONSOLE\DLLAPPLICATION\DEBUG\RESTAPI.ILK
C:\Projects\COnsole\DLLApplication\Debug\RestApi.lib
C:\PROJECTS\CONSOLE\DLLAPPLICATION\DEBUG\RESTAPI.PDB
C:\PROJECTS\CONSOLE\DLLAPPLICATION\RESTAPI\DEBUG\.NETFRAMEWORK,VERSION=V4.0.ASSEMBLYATTRIBUTES.OBJ
C:\PROJECTS\CONSOLE\DLLAPPLICATION\RESTAPI\DEBUG\APP.RES
C:\PROJECTS\CONSOLE\DLLAPPLICATION\RESTAPI\DEBUG\ASSEMBLYINFO.OBJ
C:\Projects\COnsole\DLLApplication\RestApi\Debug\cl.command.1.tlog
C:\Projects\COnsole\DLLApplication\RestApi\Debug\CL.read.1.tlog
C:\Projects\COnsole\DLLApplication\RestApi\Debug\CL.write.1.tlog
C:\Projects\COnsole\DLLApplication\RestApi\Debug\link.7196.read.1.tlog
C:\Projects\COnsole\DLLApplication\RestApi\Debug\link.7196.write.1.tlog
C:\Projects\COnsole\DLLApplication\RestApi\Debug\link.7196-cvtres.read.1.tlog
C:\Projects\COnsole\DLLApplication\RestApi\Debug\link.7196-cvtres.write.1.tlog
C:\Projects\COnsole\DLLApplication\RestApi\Debug\link.7288.read.1.tlog
C:\Projects\COnsole\DLLApplication\RestApi\Debug\link.7288.write.1.tlog
C:\Projects\COnsole\DLLApplication\RestApi\Debug\link.7288-cvtres.read.1.tlog
C:\Projects\COnsole\DLLApplication\RestApi\Debug\link.7288-cvtres.write.1.tlog
C:\Projects\COnsole\DLLApplication\RestApi\Debug\link.command.1.tlog
C:\Projects\COnsole\DLLApplication\RestApi\Debug\link.read.1.tlog
C:\Projects\COnsole\DLLApplication\RestApi\Debug\link.write.1.tlog
C:\Projects\COnsole\DLLApplication\RestApi\Debug\metagen.read.1.tlog
C:\Projects\COnsole\DLLApplication\RestApi\Debug\metagen.write.1.tlog
C:\Projects\COnsole\DLLApplication\RestApi\Debug\mt.command.1.tlog
C:\Projects\COnsole\DLLApplication\RestApi\Debug\mt.read.1.tlog
C:\Projects\COnsole\DLLApplication\RestApi\Debug\mt.write.1.tlog
C:\Projects\COnsole\DLLApplication\RestApi\Debug\rc.command.1.tlog
C:\Projects\COnsole\DLLApplication\RestApi\Debug\rc.read.1.tlog
C:\Projects\COnsole\DLLApplication\RestApi\Debug\rc.write.1.tlog
C:\PROJECTS\CONSOLE\DLLAPPLICATION\RESTAPI\DEBUG\RESTAPI.DLL.INTERMEDIATE.MANIFEST
C:\PROJECTS\CONSOLE\DLLAPPLICATION\RESTAPI\DEBUG\RESTAPI.OBJ
C:\PROJECTS\CONSOLE\DLLAPPLICATION\RESTAPI\DEBUG\RESTAPI.PCH
C:\Projects\COnsole\DLLApplication\RestApi\Debug\RestApi.write.1.tlog
C:\Projects\COnsole\DLLApplication\RestApi\Debug\RSAENH.DLL.bi
C:\PROJECTS\CONSOLE\DLLAPPLICATION\RESTAPI\DEBUG\STDAFX.OBJ
C:\Projects\COnsole\DLLApplication\RestApi\Debug\TZRES.DLL.bi
C:\PROJECTS\CONSOLE\DLLAPPLICATION\RESTAPI\DEBUG\VC100.PDB
